<?xml version="1.0" encoding="UTF-8"?>
<testsuite name="test.QueueTest" tests="9" skipped="0" failures="0" errors="0" timestamp="2016-11-21T18:57:46" hostname="tux4.cs.drexel.edu" time="0.033">
  <properties/>
  <testcase name="testOverall" classname="test.QueueTest" time="0.011"/>
  <testcase name="ListEmptyTest" classname="test.QueueTest" time="0.0"/>
  <testcase name="InsertTest" classname="test.QueueTest" time="0.001"/>
  <testcase name="MaximumTest" classname="test.QueueTest" time="0.001"/>
  <testcase name="Extract_MaxTest" classname="test.QueueTest" time="0.002"/>
  <testcase name="performanceTest" classname="test.QueueTest" time="0.007"/>
  <testcase name="toStringTest" classname="test.QueueTest" time="0.001"/>
  <testcase name="nullListTest" classname="test.QueueTest" time="0.0"/>
  <testcase name="sizeOfListTest" classname="test.QueueTest" time="0.002"/>
  <system-out><![CDATA[ Key: 11  Value: 16   
 Key: 11  Value: 16    Key: 12  Value: 14   
 Key: 12  Value: 14    Key: 11  Value: 16    Key: 13  Value: 10   
 Key: 13  Value: 10    Key: 11  Value: 16    Key: 12  Value: 14    Key: 14  Value: 8   
 Key: 14  Value: 8    Key: 13  Value: 10    Key: 12  Value: 14    Key: 11  Value: 16    Key: 15  Value: 7   
 Key: 15  Value: 7    Key: 14  Value: 8    Key: 12  Value: 14    Key: 11  Value: 16    Key: 13  Value: 10    Key: 16  Value: 9   
 Key: 16  Value: 9    Key: 14  Value: 8    Key: 15  Value: 7    Key: 11  Value: 16    Key: 13  Value: 10    Key: 12  Value: 14    Key: 17  Value: 3   
 Key: 17  Value: 3    Key: 14  Value: 8    Key: 16  Value: 9    Key: 11  Value: 16    Key: 13  Value: 10    Key: 12  Value: 14    Key: 15  Value: 7    Key: 18  Value: 2   
 Key: 18  Value: 2    Key: 17  Value: 3    Key: 16  Value: 9    Key: 14  Value: 8    Key: 13  Value: 10    Key: 12  Value: 14    Key: 15  Value: 7    Key: 11  Value: 16    Key: 19  Value: 4   
 Key: 19  Value: 4    Key: 18  Value: 2    Key: 16  Value: 9    Key: 17  Value: 3    Key: 13  Value: 10    Key: 12  Value: 14    Key: 15  Value: 7    Key: 11  Value: 16    Key: 14  Value: 8    Key: 20  Value: 1   

The new array after removing the highest priority key:

Key-Value

19 4 
18 2 
16 9 
17 3 
13 10 
12 14 
15 7 
11 16 
14 8 
The new array after removing the highest priority key:

Key-Value

18 2 
17 3 
16 9 
14 8 
13 10 
12 14 
15 7 
11 16 
The new array after removing the highest priority key:

Key-Value

17 3 
14 8 
16 9 
11 16 
13 10 
12 14 
15 7 
The new array after removing the highest priority key:

Key-Value

16 9 
14 8 
15 7 
11 16 
13 10 
12 14 
The new array after removing the highest priority key:

Key-Value

15 7 
14 8 
12 14 
11 16 
13 10 
The new array after removing the highest priority key:

Key-Value

14 8 
13 10 
12 14 
11 16 
The new array after removing the highest priority key:

Key-Value

13 10 
11 16 
12 14 
The new array after removing the highest priority key:

Key-Value

12 14 
11 16 
The new array after removing the highest priority key:

Key-Value

11 16  Key: 11  Value: 16   
 Key: 11  Value: 16    Key: 12  Value: 14   
 Key: 11  Value: 16   
 Key: 11  Value: 16    Key: 12  Value: 14   
 Key: 12  Value: 14    Key: 11  Value: 16    Key: 13  Value: 10   
 Key: 13  Value: 10    Key: 11  Value: 16    Key: 12  Value: 14    Key: 14  Value: 8   
 Key: 11  Value: 16   
 Key: 11  Value: 16    Key: 12  Value: 14   
 Key: 12  Value: 14    Key: 11  Value: 16    Key: 13  Value: 10   
 Key: 13  Value: 10    Key: 11  Value: 16    Key: 12  Value: 14    Key: 14  Value: 8   

The new array after removing the highest priority key:

Key-Value

13 10 
11 16 
12 14  Key: 11  Value: 16   
 Key: 11  Value: 16    Key: 12  Value: 14   
 Key: 12  Value: 14    Key: 11  Value: 16    Key: 13  Value: 10   
 Key: 13  Value: 10    Key: 11  Value: 16    Key: 12  Value: 14    Key: 14  Value: 8   
 Key: 11  Value: 16   
 Key: 11  Value: 16    Key: 12  Value: 14   
 Key: 12  Value: 14    Key: 11  Value: 16    Key: 13  Value: 10   
 Key: 13  Value: 10    Key: 11  Value: 16    Key: 12  Value: 14    Key: 14  Value: 8   

The new array after removing the highest priority key:

Key-Value

13 10 
11 16 
12 14 
The new array after removing the highest priority key:

Key-Value

13 10 
11 16 
12 14 
The new array after removing the highest priority key:

Key-Value

12 14 
11 16 
The new array after removing the highest priority key:

Key-Value

12 14 
11 16 
The new array after removing the highest priority key:

Key-Value

11 16  Key: 11  Value: 16   
 Key: 11  Value: 16    Key: 12  Value: 14   
 Key: 12  Value: 14    Key: 11  Value: 16    Key: 13  Value: 10   
 Key: 13  Value: 10    Key: 11  Value: 16    Key: 12  Value: 14    Key: 14  Value: 8   
 Key: 14  Value: 8    Key: 13  Value: 10    Key: 12  Value: 14    Key: 11  Value: 16    Key: 15  Value: 7   
 Key: 15  Value: 7    Key: 14  Value: 8    Key: 12  Value: 14    Key: 11  Value: 16    Key: 13  Value: 10    Key: 16  Value: 9   

The new array after removing the highest priority key:

Key-Value

15 7 
14 8 
12 14 
11 16 
13 10 
The new array after removing the highest priority key:

Key-Value

14 8 
13 10 
12 14 
11 16 
The new array after removing the highest priority key:

Key-Value

13 10 
11 16 
12 14 
The new array after removing the highest priority key:

Key-Value

12 14 
11 16 
The new array after removing the highest priority key:

Key-Value

 Key: 11  Value: 16   
 Key: 11  Value: 16    Key: 12  Value: 14   
 Key: 12  Value: 14    Key: 11  Value: 16    Key: 13  Value: 10   
 Key: 13  Value: 10    Key: 11  Value: 16    Key: 12  Value: 14    Key: 14  Value: 8   

The new array after removing the highest priority key:

Key-Value

13 10 
11 16 
12 14 
The new array after removing the highest priority key:

Key-Value

12 14 
11 16 ]]></system-out>
  <system-err><![CDATA[]]></system-err>
</testsuite>
